<?xml version="1.0" encoding="UTF-8" standalone="yes"?>
<section xmlns:aots="http://aots.adobe.com/2001/aots" role="test-suite">
      <title>Test Suite</title>
      <section>
        <title>cmap8_font1: basic test</title>
        <para>Let's start with a simple case:</para>
        <aots:test-font id="cmap8_font1">
          <base-font name="base.otf"/>
          <cmap version="0">
            <mapping platformid="3" encodingid="1" language="0" format="8" singleWords="0x000x34 0x35 0x36">
              <map code="0x34" glyph="17"/>
              <map code="0x35" glyph="56"/>
              <map code="0x36" glyph="12"/>
              <map code="0x8432" glyph="20"/>
              <map code="0x8433" glyph="21"/>
              <map code="0x8434" glyph="22"/>
              <map code="0x9232" glyph="23"/>
              <map code="0x9233" glyph="24"/>
              <map code="0x9234" glyph="25"/>
              <map code="0x109423" glyph="26"/>
              <map code="0x109424" glyph="27"/>
              <map code="0x109425" glyph="32"/>
            </mapping>
          </cmap>
        </aots:test-font>
        <aots:cmap-test id="cmap8_test1" font="cmap8_font1" platformID="3" encodingID="1" inputs="0,  1, 0x33, 0x34, 0x35, 0x36, 0x37, 0x8431, 0x8432, 0x8434, 0x9232, 0x109422, 0x109423, 0x109424, 0x109425, 0xffff" outputs="0,  0,    0,   17,   56,   12,    0,      0,     20,     22,     23,        0,       26,       27,       32,      0"/>
      </section>
    </section>
  
