<?xml version="1.0" encoding="UTF-8" standalone="yes"?>
<section xmlns:aots="http://aots.adobe.com/2001/aots" role="test-suite">
      <title>Test Suite</title>
      <section>
        <title>cmap6_font1: basic test</title>
        <para>Let's start with a simple case:</para>
        <aots:test-font id="cmap6_font1">
          <base-font name="base.otf"/>
          <cmap version="0">
            <mapping platformid="3" encodingid="1" language="0" format="6">
              <map code="34" glyph="17"/>
              <map code="35" glyph="56"/>
              <map code="36" glyph="12"/>
            </mapping>
          </cmap>
        </aots:test-font>
        <aots:cmap-test id="cmap6_test1" font="cmap6_font1" platformID="3" encodingID="1" inputs="0,  1, 33, 34, 35, 36, 37, 0xffff" outputs="0,  0,  0, 17, 56, 12,  0,      0"/>
      </section>
      <section>
        <title>cmap6_font2: boundary case entrycount=0 test</title>
        <para>Here we test the case where entryCount is 0:</para>
        <aots:test-font id="cmap6_font2">
          <base-font name="base.otf"/>
          <cmap version="0">
            <mapping platformid="3" encodingid="1" language="0" format="6"/>
          </cmap>
        </aots:test-font>
        <aots:cmap-test id="cmap6_test2" font="cmap6_font2" platformID="3" encodingID="1" inputs="0,  1, 33, 34, 35, 36, 37, 0xffff" outputs="0,  0,  0,  0,  0,  0,  0,      0"/>
      </section>
    </section>
    
